
  .   ____          _            __ _ _
 /\\ / ___'_ __ _ _(_)_ __  __ _ \ \ \ \
( ( )\___ | '_ | '_| | '_ \/ _` | \ \ \ \
 \\/  ___)| |_)| | | | | || (_| |  ) ) ) )
  '  |____| .__|_| |_|_| |_\__, | / / / /
 =========|_|==============|___/=/_/_/_/

 :: Spring Boot ::                (v3.4.2)

2026-02-15T16:28:33.687Z  INFO 2070493 --- [ooc-backend] [           main] com.ooc.OocApplication                   : Starting OocApplication v1.0.0 using Java 21.0.10 with PID 2070493 (/home/xenoamess/.openclaw/workspace/openclaw-on-cloud/backend/build/libs/ooc-backend-1.0.0.jar started by xenoamess in /home/xenoamess/.openclaw/workspace/openclaw-on-cloud/backend)
2026-02-15T16:28:33.689Z DEBUG 2070493 --- [ooc-backend] [           main] com.ooc.OocApplication                   : Running with Spring Boot v3.4.2, Spring v6.2.2
2026-02-15T16:28:33.690Z  INFO 2070493 --- [ooc-backend] [           main] com.ooc.OocApplication                   : No active profile set, falling back to 1 default profile: "default"
2026-02-15T16:28:34.636Z  INFO 2070493 --- [ooc-backend] [           main] .s.d.r.c.RepositoryConfigurationDelegate : Bootstrapping Spring Data MongoDB repositories in DEFAULT mode.
2026-02-15T16:28:34.760Z  INFO 2070493 --- [ooc-backend] [           main] .s.d.r.c.RepositoryConfigurationDelegate : Finished Spring Data repository scanning in 119 ms. Found 5 MongoDB repository interfaces.
2026-02-15T16:28:35.229Z  INFO 2070493 --- [ooc-backend] [           main] o.s.b.w.embedded.tomcat.TomcatWebServer  : Tomcat initialized with port 8081 (http)
2026-02-15T16:28:35.242Z  INFO 2070493 --- [ooc-backend] [           main] o.apache.catalina.core.StandardService   : Starting service [Tomcat]
2026-02-15T16:28:35.242Z  INFO 2070493 --- [ooc-backend] [           main] o.apache.catalina.core.StandardEngine    : Starting Servlet engine: [Apache Tomcat/10.1.34]
2026-02-15T16:28:35.277Z  INFO 2070493 --- [ooc-backend] [           main] o.a.c.c.C.[Tomcat].[localhost].[/]       : Initializing Spring embedded WebApplicationContext
2026-02-15T16:28:35.278Z  INFO 2070493 --- [ooc-backend] [           main] w.s.c.ServletWebServerApplicationContext : Root WebApplicationContext: initialization completed in 1541 ms
2026-02-15T16:28:35.625Z  INFO 2070493 --- [ooc-backend] [           main] org.mongodb.driver.client                : MongoClient with metadata {"driver": {"name": "mongo-java-driver|sync|spring-boot", "version": "5.2.1"}, "os": {"type": "Linux", "name": "Linux", "architecture": "amd64", "version": "6.8.0-90-generic"}, "platform": "Java/Ubuntu/21.0.10+7-Ubuntu-124.04"} created with settings MongoClientSettings{readPreference=primary, writeConcern=WriteConcern{w=null, wTimeout=null ms, journal=null}, retryWrites=true, retryReads=true, readConcern=ReadConcern{level=null}, credential=MongoCredential{mechanism=null, userName='root', source='admin', password=<hidden>, mechanismProperties=<hidden>}, transportSettings=null, commandListeners=[io.micrometer.core.instrument.binder.mongodb.MongoMetricsCommandListener@3af36922], codecRegistry=ProvidersCodecRegistry{codecProviders=[ValueCodecProvider{}, BsonValueCodecProvider{}, DBRefCodecProvider{}, DBObjectCodecProvider{}, DocumentCodecProvider{}, CollectionCodecProvider{}, IterableCodecProvider{}, MapCodecProvider{}, GeoJsonCodecProvider{}, GridFSFileCodecProvider{}, Jsr310CodecProvider{}, JsonObjectCodecProvider{}, BsonCodecProvider{}, EnumCodecProvider{}, com.mongodb.client.model.mql.ExpressionCodecProvider@6cceb281, com.mongodb.Jep395RecordCodecProvider@7cca31fc, com.mongodb.KotlinCodecProvider@619c3546]}, loggerSettings=LoggerSettings{maxDocumentLength=1000}, clusterSettings={hosts=[23.94.174.102:30017], srvServiceName=mongodb, mode=SINGLE, requiredClusterType=UNKNOWN, requiredReplicaSetName='null', serverSelector='null', clusterListeners='[]', serverSelectionTimeout='30000 ms', localThreshold='15 ms'}, socketSettings=SocketSettings{connectTimeoutMS=10000, readTimeoutMS=0, receiveBufferSize=0, proxySettings=ProxySettings{host=null, port=null, username=null, password=null}}, heartbeatSocketSettings=SocketSettings{connectTimeoutMS=10000, readTimeoutMS=10000, receiveBufferSize=0, proxySettings=ProxySettings{host=null, port=null, username=null, password=null}}, connectionPoolSettings=ConnectionPoolSettings{maxSize=100, minSize=0, maxWaitTimeMS=120000, maxConnectionLifeTimeMS=0, maxConnectionIdleTimeMS=0, maintenanceInitialDelayMS=0, maintenanceFrequencyMS=60000, connectionPoolListeners=[io.micrometer.core.instrument.binder.mongodb.MongoMetricsConnectionPoolListener@16a6dc21], maxConnecting=2}, serverSettings=ServerSettings{heartbeatFrequencyMS=10000, minHeartbeatFrequencyMS=500, serverMonitoringMode=AUTO, serverListeners='[]', serverMonitorListeners='[]'}, sslSettings=SslSettings{enabled=false, invalidHostNameAllowed=false, context=null}, applicationName='null', compressorList=[], uuidRepresentation=JAVA_LEGACY, serverApi=null, autoEncryptionSettings=null, dnsClient=null, inetAddressResolver=null, contextProvider=null, timeoutMS=null}
2026-02-15T16:28:35.645Z  INFO 2070493 --- [ooc-backend] [4.174.102:30017] org.mongodb.driver.cluster               : Monitor thread successfully connected to server with description ServerDescription{address=23.94.174.102:30017, type=STANDALONE, cryptd=false, state=CONNECTED, ok=true, minWireVersion=0, maxWireVersion=27, maxDocumentSize=16777216, logicalSessionTimeoutMinutes=30, roundTripTimeNanos=19672895, minRoundTripTimeNanos=0}
2026-02-15T16:28:36.228Z DEBUG 2070493 --- [ooc-backend] [           main] c.ooc.security.JwtAuthenticationFilter   : Filter 'jwtAuthenticationFilter' configured for use
2026-02-15T16:28:36.585Z  INFO 2070493 --- [ooc-backend] [           main] eAuthenticationProviderManagerConfigurer : Global AuthenticationManager configured with AuthenticationProvider bean with name authenticationProvider
2026-02-15T16:28:36.586Z  WARN 2070493 --- [ooc-backend] [           main] r$InitializeUserDetailsManagerConfigurer : Global AuthenticationManager configured with an AuthenticationProvider bean. UserDetailsService beans will not be used by Spring Security for automatically configuring username/password login. Consider removing the AuthenticationProvider bean. Alternatively, consider using the UserDetailsService in a manually instantiated DaoAuthenticationProvider. If the current configuration is intentional, to turn off this warning, increase the logging level of 'org.springframework.security.config.annotation.authentication.configuration.InitializeUserDetailsBeanManagerConfigurer' to ERROR
2026-02-15T16:28:36.591Z  INFO 2070493 --- [ooc-backend] [           main] com.ooc.security.RsaKeyProvider          : RSA key pair loaded from files
2026-02-15T16:28:36.977Z  INFO 2070493 --- [ooc-backend] [           main] o.s.b.a.e.web.EndpointLinksResolver      : Exposing 1 endpoint beneath base path '/actuator'
2026-02-15T16:28:37.380Z  INFO 2070493 --- [ooc-backend] [           main] o.s.b.w.embedded.tomcat.TomcatWebServer  : Tomcat started on port 8081 (http) with context path '/'
2026-02-15T16:28:37.395Z  INFO 2070493 --- [ooc-backend] [           main] com.ooc.OocApplication                   : Started OocApplication in 4.141 seconds (process running for 4.583)
2026-02-15T16:28:37.534Z  INFO 2070493 --- [ooc-backend] [           main] com.ooc.config.AdminInitializer          : Removing existing admin user to recreate with new encryption key
2026-02-15T16:28:37.636Z  INFO 2070493 --- [ooc-backend] [           main] com.ooc.config.AdminInitializer          : Created default admin user: username=admin, password=admin123
2026-02-15T16:28:44.095Z  INFO 2070493 --- [ooc-backend] [nio-8081-exec-1] o.a.c.c.C.[Tomcat].[localhost].[/]       : Initializing Spring DispatcherServlet 'dispatcherServlet'
2026-02-15T16:28:44.095Z  INFO 2070493 --- [ooc-backend] [nio-8081-exec-1] o.s.web.servlet.DispatcherServlet        : Initializing Servlet 'dispatcherServlet'
2026-02-15T16:28:44.097Z  INFO 2070493 --- [ooc-backend] [nio-8081-exec-1] o.s.web.servlet.DispatcherServlet        : Completed initialization in 2 ms
2026-02-15T16:28:44.180Z  INFO 2070493 --- [ooc-backend] [nio-8081-exec-1] com.ooc.websocket.ChatWebSocketHandler   : WebSocket connected: 17f57e0d-11cf-bced-4bb6-dcebdd5f7f71
